<?xml version="1.0" encoding="UTF-8"?>
<!-- Generated by org.testng.reporters.JUnitReportReporter -->
<testsuite hostname="PCIN487542" name="com.w2a.testcases.LoginTest" tests="1" failures="0" timestamp="22 Apr 2020 14:36:28 GMT" time="0.199" errors="0">
  <testcase name="loginAsBankManager" time="0.199" classname="com.w2a.testcases.LoginTest"/>
</testsuite> <!-- com.w2a.testcases.LoginTest -->
